2026-03-15 20:22:49,527 - __main__ - INFO - ============================================================
2026-03-15 20:22:49,527 - __main__ - INFO - 正在初始化守护进程...
2026-03-15 20:22:49,771 - __main__ - INFO - 数据库初始化完成
2026-03-15 20:22:53,070 - __main__ - INFO - AI检测器初始化完成
2026-03-15 20:22:53,075 - __main__ - INFO - 防御管理器初始化完成
2026-03-15 20:22:53,079 - __main__ - INFO - 数据清理管理器初始化完成
2026-03-15 20:22:53,079 - __main__ - INFO - 系统监控初始化完成
2026-03-15 20:22:54,021 - __main__ - INFO - 已手动锁定网络接口: WLAN
2026-03-15 20:22:54,022 - __main__ - INFO - 网络抓包服务启动成功
2026-03-15 20:22:54,023 - __main__ - INFO - ============================================================
2026-03-15 20:24:28,617 - __main__ - INFO - 正在停止守护进程...
2026-03-15 20:24:28,866 - __main__ - INFO - 正在停止守护进程...
2026-03-15 20:24:29,321 - __main__ - INFO - 正在停止守护进程...
2026-03-15 20:24:32,329 - __main__ - INFO - 正在停止守护进程...
2026-03-15 20:24:36,643 - __main__ - INFO - 守护进程已完全停止
2026-03-16 15:14:53,144 - __main__ - INFO - ============================================================
2026-03-16 15:14:53,144 - __main__ - INFO - 正在初始化守护进程...
2026-03-16 15:14:53,373 - __main__ - INFO - 数据库初始化完成
2026-03-16 15:14:56,878 - __main__ - INFO - AI检测器初始化完成
2026-03-16 15:14:56,882 - __main__ - INFO - 防御管理器初始化完成
2026-03-16 15:14:56,885 - __main__ - INFO - 数据清理管理器初始化完成
2026-03-16 15:14:56,885 - __main__ - INFO - 系统监控初始化完成
2026-03-16 15:14:57,824 - __main__ - INFO - 已手动锁定网络接口: WLAN
2026-03-16 15:14:57,826 - __main__ - INFO - 网络抓包服务启动成功
2026-03-16 15:14:57,827 - __main__ - INFO - ============================================================
2026-03-16 15:59:15,786 - __main__ - INFO - 正在停止守护进程...
2026-03-16 15:59:16,111 - __main__ - INFO - 正在停止守护进程...
2026-03-16 15:59:20,916 - __main__ - INFO - 守护进程已完全停止
